<?xml version="1.0" encoding="UTF-8"?>
<!-- Generated by org.testng.reporters.JUnitReportReporter -->
<testsuite skipped="0" hostname="LAPTOP-T9UGMIK5" name="com.yss.testcase.scenario1" tests="1" failures="0" timestamp="31 七月 2018 03:22:34 GMT" time="1526.344" errors="0">
  <testcase name="test" time="1526.344" classname="com.yss.testcase.scenario1"/>
</testsuite> <!-- com.yss.testcase.scenario1 -->
