<?xml version="1.0" encoding="UTF-8"?>
<!-- Generated by org.testng.reporters.JUnitReportReporter -->
<testsuite skipped="0" hostname="LAPTOP-T9UGMIK5" name="TestOnePack.TestNGOne" tests="1" failures="0" timestamp="30 七月 2018 09:25:15 GMT" time="3.925" errors="0">
  <testcase name="ffff" time="3.925" classname="TestOnePack.TestNGOne"/>
</testsuite> <!-- TestOnePack.TestNGOne -->
